\BOOKMARK [0][-]{chapter.1}{\376\377\000C\000o\000n\000s\000t\000a\000n\000t\000s\000\040\000a\000n\000d\000\040\000u\000n\000i\000t\000s}{}% 1
\BOOKMARK [0][-]{chapter.2}{\376\377\000G\000e\000o\000m\000e\000t\000r\000y\000\040\000a\000n\000d\000\040\000T\000r\000i\000g\000o\000n\000o\000m\000e\000t\000r\000y}{}% 2
\BOOKMARK [1][-]{section.2.1}{\376\377\000T\000r\000i\000a\000n\000g\000l\000e\000s}{chapter.2}% 3
\BOOKMARK [0][-]{chapter.3}{\376\377\000G\000e\000n\000e\000r\000a\000l\000\040\000M\000a\000t\000h\000e\000m\000a\000t\000i\000c\000s}{}% 4
\BOOKMARK [1][-]{section.3.1}{\376\377\000C\000o\000o\000r\000d\000i\000n\000a\000t\000e\000\040\000S\000y\000s\000t\000e\000m\000s}{chapter.3}% 5
\BOOKMARK [2][-]{subsection.3.1.1}{\376\377\000C\000a\000r\000t\000e\000s\000i\000a\000n\000\040\000C\000o\000o\000r\000d\000i\000n\000a\000t\000e\000s}{section.3.1}% 6
\BOOKMARK [2][-]{subsection.3.1.2}{\376\377\000P\000o\000l\000a\000r\000\040\000C\000o\000o\000r\000d\000i\000n\000a\000t\000e\000s\000\040}{section.3.1}% 7
\BOOKMARK [2][-]{subsection.3.1.3}{\376\377\000S\000p\000h\000e\000r\000i\000c\000a\000l\000\040\000C\000o\000o\000r\000d\000i\000n\000a\000t\000e\000s}{section.3.1}% 8
\BOOKMARK [2][-]{subsection.3.1.4}{\376\377\000C\000y\000l\000i\000n\000d\000r\000i\000c\000a\000l\000\040\000C\000o\000o\000r\000d\000i\000n\000a\000t\000e\000s}{section.3.1}% 9
\BOOKMARK [2][-]{subsection.3.1.5}{\376\377\000E\000l\000l\000i\000p\000t\000i\000c\000\040\000C\000o\000o\000r\000d\000i\000n\000a\000t\000e\000s}{section.3.1}% 10
\BOOKMARK [2][-]{subsection.3.1.6}{\376\377\000E\000l\000l\000i\000p\000t\000i\000c\000\040\000C\000y\000l\000i\000n\000d\000r\000i\000c\000a\000l\000\040\000C\000o\000o\000r\000d\000i\000n\000a\000t\000e\000s}{section.3.1}% 11
\BOOKMARK [1][-]{section.3.2}{\376\377\000L\000o\000g\000a\000r\000i\000t\000h\000m\000s}{chapter.3}% 12
\BOOKMARK [2][-]{subsection.3.2.1}{\376\377\000P\000r\000o\000p\000e\000r\000t\000i\000e\000s\000\040\000o\000f\000\040\000L\000o\000g\000a\000r\000i\000t\000h\000m\000s}{section.3.2}% 13
\BOOKMARK [1][-]{section.3.3}{\376\377\000C\000o\000n\000v\000e\000n\000t\000i\000o\000n\000s\000\040\000a\000n\000d\000\040\000b\000a\000s\000i\000c\000\040\000D\000e\000f\000i\000n\000i\000t\000i\000o\000n\000s}{chapter.3}% 14
\BOOKMARK [2][-]{subsection.3.3.1}{\376\377\000C\000o\000m\000p\000l\000e\000x\000\040\000N\000u\000m\000b\000e\000r\000s}{section.3.3}% 15
\BOOKMARK [2][-]{subsection.3.3.2}{\376\377\000V\000e\000c\000t\000o\000r\000s}{section.3.3}% 16
\BOOKMARK [2][-]{subsection.3.3.3}{\376\377\000T\000h\000e\000\040\000D\000o\000t\000\040\000P\000r\000o\000d\000u\000c\000t\000\040\000T\000h\000e\000o\000r\000e\000m}{section.3.3}% 17
\BOOKMARK [1][-]{section.3.4}{\376\377\000S\000u\000m\000m\000a\000t\000i\000o\000n}{chapter.3}% 18
\BOOKMARK [2][-]{subsection.3.4.1}{\376\377\000P\000a\000s\000c\000a\000l\000'\000s\000\040\000T\000r\000i\000a\000n\000g\000l\000e}{section.3.4}% 19
\BOOKMARK [1][-]{section.3.5}{\376\377\000B\000i\000n\000o\000m\000i\000a\000l\000\040\000C\000o\000e\000f\000f\000i\000c\000i\000e\000n\000t\000s}{chapter.3}% 20
\BOOKMARK [0][-]{chapter.4}{\376\377\000S\000t\000a\000t\000i\000s\000t\000i\000c\000s\000\040\000a\000n\000d\000\040\000P\000r\000o\000b\000a\000b\000i\000l\000i\000t\000y}{}% 21
\BOOKMARK [0][-]{chapter.5}{\376\377\000A\000b\000s\000t\000r\000a\000c\000t\000\040\000A\000l\000g\000e\000b\000r\000a}{}% 22
\BOOKMARK [0][-]{chapter.6}{\376\377\000L\000i\000n\000e\000a\000r\000\040\000A\000l\000g\000e\000b\000r\000a}{}% 23
\BOOKMARK [1][-]{section.6.1}{\376\377\000L\000i\000n\000e\000a\000r\000\040\000S\000y\000s\000t\000e\000m\000s}{chapter.6}% 24
\BOOKMARK [0][-]{chapter.7}{\376\377\000C\000a\000l\000c\000u\000l\000u\000s}{}% 25
\BOOKMARK [1][-]{section.7.1}{\376\377\000D\000e\000f\000i\000n\000i\000t\000i\000o\000n\000s\000\040\000a\000n\000d\000\040\000G\000e\000n\000e\000r\000a\000l\000\040\000D\000i\000f\000f\000e\000r\000e\000n\000t\000i\000a\000l\000\040\000E\000q\000u\000a\000t\000i\000o\000n\000s}{chapter.7}% 26
\BOOKMARK [1][-]{section.7.2}{\376\377\000O\000r\000d\000i\000n\000a\000r\000y\000\040\000L\000i\000n\000e\000a\000r\000\040\000H\000o\000m\000o\000g\000e\000n\000e\000o\000u\000s\000\040\000D\000i\000f\000f\000e\000r\000e\000n\000t\000i\000a\000l\000\040\000E\000q\000u\000a\000t\000i\000o\000n\000s}{chapter.7}% 27
\BOOKMARK [1][-]{section.7.3}{\376\377\000L\000i\000n\000e\000a\000r\000\040\000O\000r\000d\000i\000n\000a\000r\000y\000\040\000D\000i\000f\000f\000e\000r\000e\000n\000t\000i\000a\000l\000\040\000E\000q\000u\000a\000t\000i\000o\000n\000s}{chapter.7}% 28
\BOOKMARK [2][-]{subsection.7.3.1}{\376\377\000n\000-\000D\000e\000g\000r\000e\000e\000\040\000P\000o\000l\000y\000n\000o\000m\000i\000a\000l\000\040\000P\000a\000r\000t\000i\000c\000u\000l\000a\000r\000\040\000F\000u\000n\000c\000t\000i\000o\000n\000s}{section.7.3}% 29
\BOOKMARK [2][-]{subsection.7.3.2}{\376\377\000S\000i\000m\000p\000l\000e\000\040\000E\000x\000p\000o\000n\000e\000n\000t\000i\000a\000l\000\040\000P\000a\000r\000t\000i\000c\000u\000l\000a\000r\000\040\000F\000u\000n\000c\000t\000i\000o\000n\000s}{section.7.3}% 30
\BOOKMARK [1][-]{section.7.4}{\376\377\000I\000n\000t\000e\000g\000r\000a\000l\000s}{chapter.7}% 31
\BOOKMARK [0][-]{chapter.8}{\376\377\000G\000e\000n\000e\000r\000a\000l\000\040\000P\000h\000y\000s\000i\000c\000s}{}% 32
\BOOKMARK [1][-]{section.8.1}{\376\377\000M\000e\000a\000s\000u\000r\000e\000m\000e\000n\000t}{chapter.8}% 33
\BOOKMARK [1][-]{section.8.2}{\376\377\000T\000h\000e\000\040\000A\000e\000t\000h\000e\000r}{chapter.8}% 34
\BOOKMARK [1][-]{section.8.3}{\376\377\000C\000h\000e\000m\000i\000s\000t\000r\000y}{chapter.8}% 35
\BOOKMARK [1][-]{section.8.4}{\376\377\000B\000i\000o\000l\000o\000g\000y}{chapter.8}% 36
\BOOKMARK [1][-]{section.8.5}{\376\377\000A\000s\000t\000r\000o\000n\000o\000m\000y}{chapter.8}% 37
\BOOKMARK [1][-]{section.8.6}{\376\377\000G\000e\000o\000l\000o\000g\000y}{chapter.8}% 38
\BOOKMARK [1][-]{section.8.7}{\376\377\000E\000n\000e\000r\000g\000y}{chapter.8}% 39
\BOOKMARK [2][-]{subsection.8.7.1}{\376\377\000W\000o\000r\000k}{section.8.7}% 40
\BOOKMARK [2][-]{subsection.8.7.2}{\376\377\000G\000r\000a\000v\000i\000t\000a\000t\000i\000o\000n\000a\000l\000\040\000P\000o\000t\000e\000n\000t\000i\000a\000l\000\040\000E\000n\000e\000r\000g\000y}{section.8.7}% 41
\BOOKMARK [2][-]{subsection.8.7.3}{\376\377\000K\000i\000n\000e\000t\000i\000c\000\040\000E\000n\000e\000r\000g\000y}{section.8.7}% 42
\BOOKMARK [0][-]{chapter.9}{\376\377\000C\000l\000a\000s\000s\000i\000c\000a\000l\000\040\000M\000e\000c\000h\000a\000n\000i\000c\000s}{}% 43
\BOOKMARK [1][-]{section.9.1}{\376\377\000G\000r\000a\000v\000i\000t\000y}{chapter.9}% 44
\BOOKMARK [2][-]{subsection.9.1.1}{\376\377\000K\000e\000p\000l\000a\000r\000'\000s\000\040\000L\000a\000w\000s}{section.9.1}% 45
\BOOKMARK [1][-]{section.9.2}{\376\377\000M\000o\000t\000i\000o\000n}{chapter.9}% 46
\BOOKMARK [2][-]{subsection.9.2.1}{\376\377\000I\000n\000e\000r\000t\000i\000a\000l\000\040\000F\000r\000a\000m\000e\000s}{section.9.2}% 47
\BOOKMARK [1][-]{section.9.3}{\376\377\000N\000e\000w\000t\000o\000n\000'\000s\000\040\000L\000a\000w\000s}{chapter.9}% 48
\BOOKMARK [2][-]{subsection.9.3.1}{\376\377\000N\000e\000w\000t\000o\000n\000'\000s\000\040\000L\000a\000w\000s\000\040\000I\000n\000\040\000P\000o\000l\000a\000r\000\040\000C\000o\000o\000r\000d\000i\000n\000a\000t\000e\000s}{section.9.3}% 49
\BOOKMARK [0][-]{chapter.10}{\376\377\000E\000l\000e\000c\000t\000r\000o\000n\000i\000c\000s}{}% 50
\BOOKMARK [1][-]{section.10.1}{\376\377\000B\000a\000s\000i\000c\000\040\000D\000e\000f\000i\000n\000i\000t\000i\000o\000n\000s\000\040\000a\000n\000d\000\040\000N\000o\000t\000a\000t\000i\000o\000n\000s}{chapter.10}% 51
\BOOKMARK [1][-]{section.10.2}{\376\377\000C\000i\000r\000u\000i\000t\000s}{chapter.10}% 52
\BOOKMARK [0][-]{chapter.11}{\376\377\000A\000c\000o\000u\000s\000t\000i\000c\000s}{}% 53
\BOOKMARK [1][-]{section.11.1}{\376\377\000U\000n\000i\000t\000s}{chapter.11}% 54
\BOOKMARK [1][-]{section.11.2}{\376\377\000U\000n\000d\000e\000r\000w\000a\000t\000e\000r\000\040\000A\000c\000o\000u\000s\000t\000i\000c\000s}{chapter.11}% 55
\BOOKMARK [0][-]{chapter.12}{\376\377\000O\000p\000t\000i\000c\000s}{}% 56
\BOOKMARK [1][-]{section.12.1}{\376\377\000S\000n\000e\000l\000l\000'\000s\000\040\000L\000a\000w}{chapter.12}% 57
\BOOKMARK [0][-]{chapter.13}{\376\377\000S\000t\000a\000t\000i\000s\000t\000i\000c\000a\000l\000\040\000M\000e\000c\000h\000a\000n\000i\000c\000s\000\040\000\046\000\040\000T\000h\000e\000r\000m\000o\000d\000y\000n\000a\000m\000i\000c\000s}{}% 58
\BOOKMARK [1][-]{section.13.1}{\376\377\000T\000h\000e\000\040\000A\000t\000o\000m\000i\000c\000\040\000H\000y\000p\000o\000t\000h\000e\000s\000i\000s}{chapter.13}% 59
\BOOKMARK [0][-]{chapter.14}{\376\377\000A\000s\000t\000r\000o\000p\000h\000y\000s\000i\000c\000s}{}% 60
\BOOKMARK [1][-]{section.14.1}{\376\377\000S\000p\000a\000c\000e\000\040\000W\000e\000a\000t\000h\000e\000r\000\040\000P\000r\000e\000d\000i\000c\000t\000i\000o\000n}{chapter.14}% 61
\BOOKMARK [0][-]{chapter.15}{\376\377\000E\000l\000e\000c\000t\000r\000o\000m\000a\000g\000n\000e\000t\000i\000s\000m}{}% 62
\BOOKMARK [1][-]{section.15.1}{\376\377\000T\000h\000e\000\040\000E\000l\000e\000c\000t\000r\000o\000m\000a\000g\000n\000e\000t\000i\000c\000\040\000F\000i\000e\000l\000d}{chapter.15}% 63
\BOOKMARK [0][-]{chapter.16}{\376\377\000Q\000u\000a\000n\000t\000u\000m\000\040\000M\000e\000c\000h\000a\000n\000i\000c\000s}{}% 64
\BOOKMARK [1][-]{section.16.1}{\376\377\000I\000n\000t\000r\000o\000d\000u\000c\000t\000i\000o\000n}{chapter.16}% 65
\BOOKMARK [2][-]{subsection.16.1.1}{\376\377\000T\000h\000e\000\040\000S\000t\000e\000r\000n\000-\000G\000e\000r\000l\000a\000c\000h\000\040\000E\000x\000p\000e\000r\000i\000m\000e\000n\000t}{section.16.1}% 66
\BOOKMARK [1][-]{section.16.2}{\376\377\000C\000o\000n\000v\000e\000n\000t\000i\000o\000n\000s\000\040\000a\000n\000d\000\040\000N\000o\000t\000a\000t\000i\000o\000n}{chapter.16}% 67
\BOOKMARK [2][-]{subsection.16.2.1}{\376\377\000O\000p\000e\000r\000a\000t\000o\000r\000s}{section.16.2}% 68
\BOOKMARK [1][-]{section.16.3}{\376\377\000S\000c\000h\000r\000\366\000d\000i\000n\000g\000e\000r\000\040\000E\000q\000u\000a\000t\000i\000o\000n}{chapter.16}% 69
\BOOKMARK [0][-]{chapter.17}{\376\377\000R\000e\000l\000a\000t\000i\000v\000i\000t\000y}{}% 70
\BOOKMARK [1][-]{section.17.1}{\376\377\000T\000i\000m\000e}{chapter.17}% 71
\BOOKMARK [1][-]{section.17.2}{\376\377\000D\000i\000s\000t\000a\000n\000c\000e\000s}{chapter.17}% 72
\BOOKMARK [1][-]{section.17.3}{\376\377\000G\000r\000a\000v\000i\000t\000y}{chapter.17}% 73
\BOOKMARK [1][-]{section.17.4}{\376\377\000S\000p\000e\000c\000i\000a\000l\000\040\000R\000e\000l\000a\000t\000i\000v\000i\000t\000y}{chapter.17}% 74
\BOOKMARK [2][-]{subsection.17.4.1}{\376\377\000T\000i\000m\000e\000\040\000D\000i\000l\000a\000t\000i\000o\000n\000\040\000a\000n\000d\000\040\000L\000e\000n\000g\000t\000h\000\040\000C\000o\000n\000t\000r\000a\000c\000t\000i\000o\000n}{section.17.4}% 75
\BOOKMARK [2][-]{subsection.17.4.2}{\376\377\000L\000o\000r\000e\000n\000t\000z\000\040\000C\000o\000o\000r\000d\000i\000n\000a\000t\000e\000\040\000T\000r\000a\000n\000s\000f\000o\000r\000m\000a\000t\000i\000o\000n\000s}{section.17.4}% 76
\BOOKMARK [1][-]{section.17.5}{\376\377\000G\000e\000n\000e\000r\000a\000l\000\040\000R\000e\000l\000a\000t\000i\000v\000i\000t\000y}{chapter.17}% 77
\BOOKMARK [0][-]{chapter.18}{\376\377\000Q\000u\000a\000n\000t\000u\000m\000\040\000F\000i\000e\000l\000d\000\040\000T\000h\000e\000o\000r\000y}{}% 78
\BOOKMARK [1][-]{section.18.1}{\376\377\000Q\000u\000a\000n\000t\000u\000m\000\040\000V\000a\000c\000u\000u\000m}{chapter.18}% 79
\BOOKMARK [0][-]{chapter.19}{\376\377\000Q\000u\000a\000n\000t\000u\000m\000\040\000E\000l\000e\000c\000t\000r\000o\000d\000y\000n\000a\000m\000i\000c\000s}{}% 80
\BOOKMARK [1][-]{section.19.1}{\376\377\000I\000n\000t\000r\000o\000d\000u\000c\000t\000i\000o\000n}{chapter.19}% 81
\BOOKMARK [0][-]{chapter.20}{\376\377\000Q\000u\000a\000n\000t\000u\000m\000\040\000C\000h\000r\000o\000m\000o\000d\000y\000n\000a\000m\000i\000c\000s}{}% 82
\BOOKMARK [0][-]{chapter.21}{\376\377\000S\000t\000o\000c\000h\000a\000s\000t\000i\000c\000\040\000E\000l\000e\000c\000t\000r\000o\000d\000y\000n\000a\000m\000i\000c\000s}{}% 83
\BOOKMARK [0][-]{chapter.22}{\376\377\000G\000e\000o\000m\000e\000t\000r\000o\000d\000y\000n\000a\000m\000i\000c\000s}{}% 84
\BOOKMARK [0][-]{chapter.23}{\376\377\000r\000e\000s\000o\000u\000r\000c\000e\000s}{}% 85
\BOOKMARK [0][-]{chapter*.15}{\376\377\000R\000e\000f\000e\000r\000e\000n\000c\000e\000s}{}% 86
