\BOOKMARK [0][-]{chapter.1}{\376\377\000C\000o\000n\000s\000t\000a\000n\000t\000s\000\040\000a\000n\000d\000\040\000u\000n\000i\000t\000s}{}% 1
\BOOKMARK [0][-]{chapter.2}{\376\377\000G\000e\000o\000m\000e\000t\000r\000y\000\040\000a\000n\000d\000\040\000T\000r\000i\000g\000o\000n\000o\000m\000e\000t\000r\000y}{}% 2
\BOOKMARK [0][-]{chapter.3}{\376\377\000S\000t\000a\000t\000i\000s\000t\000i\000c\000s\000\040\000a\000n\000d\000\040\000P\000r\000o\000b\000a\000b\000i\000l\000i\000t\000y}{}% 3
\BOOKMARK [0][-]{chapter.4}{\376\377\000C\000a\000l\000c\000u\000l\000u\000s}{}% 4
\BOOKMARK [1][-]{section.4.1}{\376\377\000D\000e\000f\000i\000n\000i\000t\000i\000o\000n\000s\000\040\000a\000n\000d\000\040\000G\000e\000n\000e\000r\000a\000l\000\040\000D\000i\000f\000f\000e\000r\000e\000n\000t\000i\000a\000l\000\040\000E\000q\000u\000a\000t\000i\000o\000n\000s}{chapter.4}% 5
\BOOKMARK [1][-]{section.4.2}{\376\377\000O\000r\000d\000i\000n\000a\000r\000y\000\040\000L\000i\000n\000e\000a\000r\000\040\000H\000o\000m\000o\000g\000e\000n\000e\000o\000u\000s\000\040\000D\000i\000f\000f\000e\000r\000e\000n\000t\000i\000a\000l\000\040\000E\000q\000u\000a\000t\000i\000o\000n\000s}{chapter.4}% 6
\BOOKMARK [1][-]{section.4.3}{\376\377\000L\000i\000n\000e\000a\000r\000\040\000O\000r\000d\000i\000n\000a\000r\000y\000\040\000D\000i\000f\000f\000e\000r\000e\000n\000t\000i\000a\000l\000\040\000E\000q\000u\000a\000t\000i\000o\000n\000s}{chapter.4}% 7
\BOOKMARK [2][-]{subsection.4.3.1}{\376\377\000n\000-\000D\000e\000g\000r\000e\000e\000\040\000P\000o\000l\000y\000n\000o\000m\000i\000a\000l\000\040\000P\000a\000r\000t\000i\000c\000u\000l\000a\000r\000\040\000F\000u\000n\000c\000t\000i\000o\000n\000s}{section.4.3}% 8
\BOOKMARK [2][-]{subsection.4.3.2}{\376\377\000S\000i\000m\000p\000l\000e\000\040\000E\000x\000p\000o\000n\000e\000n\000t\000i\000a\000l\000\040\000P\000a\000r\000t\000i\000c\000u\000l\000a\000r\000\040\000F\000u\000n\000c\000t\000i\000o\000n\000s}{section.4.3}% 9
\BOOKMARK [0][-]{chapter.5}{\376\377\000L\000i\000n\000e\000a\000r\000\040\000A\000l\000g\000e\000b\000r\000a}{}% 10
\BOOKMARK [0][-]{chapter.6}{\376\377\000C\000l\000a\000s\000s\000i\000c\000a\000l\000\040\000M\000e\000c\000h\000a\000n\000i\000c\000s}{}% 11
\BOOKMARK [0][-]{chapter.7}{\376\377\000S\000t\000a\000t\000i\000s\000t\000i\000c\000a\000l\000\040\000M\000e\000c\000h\000a\000n\000i\000c\000s\000\040\000\046\000\040\000T\000h\000e\000r\000m\000o\000d\000y\000n\000a\000m\000i\000c\000s}{}% 12
\BOOKMARK [0][-]{chapter.8}{\376\377\000A\000s\000t\000r\000o\000p\000h\000y\000s\000i\000c\000s}{}% 13
\BOOKMARK [0][-]{chapter.9}{\376\377\000E\000l\000e\000c\000t\000r\000o\000m\000a\000g\000n\000e\000t\000i\000s\000m}{}% 14
\BOOKMARK [1][-]{section.9.1}{\376\377\000M\000a\000x\000w\000e\000l\000l\000'\000s\000\040\000E\000q\000u\000a\000t\000i\000o\000n\000s}{chapter.9}% 15
\BOOKMARK [2][-]{subsection.9.1.1}{\376\377\000D\000e\000r\000i\000v\000a\000t\000i\000o\000n\000\040\000o\000f\000\040\000T\000h\000e\000\040\000S\000p\000e\000e\000d\000\040\000O\000f\000\040\000L\000i\000g\000h\000t\000\040\000c\000\040\000I\000n\000\040\000V\000a\000c\000u\000u\000m}{section.9.1}% 16
\BOOKMARK [1][-]{section.9.2}{\376\377\000T\000h\000e\000\040\000Z\000e\000e\000m\000a\000n\000\040\000E\000f\000f\000e\000c\000t}{chapter.9}% 17
\BOOKMARK [2][-]{subsection.9.2.1}{\376\377\000H\000y\000d\000r\000o\000g\000e\000n\000\040\000A\000t\000o\000m\000\040\000F\000i\000r\000s\000t\000\040\000O\000r\000d\000e\000r\000\040\000M\000a\000g\000n\000e\000t\000i\000c\000\040\000F\000i\000e\000l\000d\000\040\000E\000n\000e\000r\000g\000y\000\040\000C\000o\000r\000r\000e\000c\000t\000i\000o\000n\000s}{section.9.2}% 18
\BOOKMARK [2][-]{subsection.9.2.2}{\376\377\000E\000x\000a\000m\000p\000l\000e\000\040\000E\000n\000e\000r\000g\000y\000\040\000C\000o\000r\000r\000e\000c\000t\000i\000o\000n\000:\000\040\0002\000P\0003\000/\0002}{section.9.2}% 19
\BOOKMARK [2][-]{subsection.9.2.3}{\376\377\000L\000i\000n\000e\000a\000r\000l\000y\000\040\000C\000h\000a\000n\000g\000i\000n\000g\000\040\000M\000a\000g\000n\000e\000t\000i\000c\000\040\000F\000i\000e\000l\000d}{section.9.2}% 20
\BOOKMARK [2][-]{subsection.9.2.4}{\376\377\000L\000a\000n\000d\000\351\000\040\000g\000\040\000A\000n\000a\000l\000y\000s\000i\000s}{section.9.2}% 21
\BOOKMARK [0][-]{chapter.10}{\376\377\000Q\000u\000a\000n\000t\000u\000m\000\040\000M\000e\000c\000h\000a\000n\000i\000c\000s}{}% 22
\BOOKMARK [0][-]{chapter.11}{\376\377\000R\000e\000l\000a\000t\000i\000v\000i\000t\000y}{}% 23
\BOOKMARK [1][-]{section.11.1}{\376\377\000S\000p\000e\000c\000i\000a\000l\000\040\000R\000e\000l\000a\000t\000i\000v\000i\000t\000y}{chapter.11}% 24
\BOOKMARK [2][-]{subsection.11.1.1}{\376\377\000T\000i\000m\000e\000\040\000D\000i\000l\000a\000t\000i\000o\000n\000\040\000a\000n\000d\000\040\000L\000e\000n\000g\000t\000h\000\040\000C\000o\000n\000t\000r\000a\000c\000t\000i\000o\000n}{section.11.1}% 25
\BOOKMARK [2][-]{subsection.11.1.2}{\376\377\000L\000o\000r\000e\000n\000t\000z\000\040\000C\000o\000o\000r\000d\000i\000n\000a\000t\000e\000\040\000T\000r\000a\000n\000s\000f\000o\000r\000m\000a\000t\000i\000o\000n\000s}{section.11.1}% 26
\BOOKMARK [0][-]{chapter.12}{\376\377\000Q\000u\000a\000n\000t\000u\000m\000\040\000F\000i\000e\000l\000d\000\040\000T\000h\000e\000o\000r\000y}{}% 27
\BOOKMARK [0][-]{chapter.13}{\376\377\000Q\000u\000a\000n\000t\000u\000m\000\040\000E\000l\000e\000c\000t\000r\000o\000d\000y\000n\000a\000m\000i\000c\000s}{}% 28
\BOOKMARK [0][-]{chapter.14}{\376\377\000Q\000u\000a\000n\000t\000u\000m\000\040\000C\000h\000r\000o\000m\000o\000d\000y\000n\000a\000m\000i\000c\000s}{}% 29
\BOOKMARK [0][-]{chapter.15}{\376\377\000r\000e\000s\000o\000u\000r\000c\000e\000s}{}% 30
\BOOKMARK [0][-]{chapter*.2}{\376\377\000R\000e\000f\000e\000r\000e\000n\000c\000e\000s}{}% 31
